<?xml version="1.0" encoding="UTF-8"?>
<!-- Generated by org.testng.reporters.JUnitXMLReporter -->
<testsuite ignored="12" hostname="RAJU" failures="0" tests="7" name="Test" time="59.33" errors="0" timestamp="2024-10-25T16:29:10 IST">
  <testcase classname="com.scm.qual.retailertest.RetailerCreateOrderAndManufacturer_ApprovedTest" name="CreateOrderAndApproveOrderTest" time="18.429"/>
  <testcase classname="com.scm.qual.retailertest.MyInvoicesRetailerTest" name="ratailerPostOrder" time="1.973"/>
  <testcase classname="com.scm.qual.manufacturerrtest.ManufacturerComfirmOrderTest" name="ComfirmOrderTest" time="8.212"/>
  <testcase classname="com.scm.qual.retailertest.RetailerCreateOrderAndVerifyTest" name="createOrderAndVerify" time="1.964"/>
  <testcase classname="com.scm.qual.admintest.RetailersTest" name="verifyRetailerTest" time="0.992"/>
  <testcase classname="com.scm.qual.retailertest.RetailerPostOrderTest" name="ratailerPostOrder" time="1.369"/>
  <testcase classname="com.scm.qual.admintest.AddProductTest" name="addProductTest" time="14.969"/>
  <testcase classname="com.scm.qual.basetest.BaseClass" name="@BeforeSuite connectToDb" time="0.0">
    <ignored/>
  </testcase> <!-- @BeforeSuite connectToDb -->
  <testcase classname="com.scm.qual.basetest.BaseClass" name="@BeforeSuite connectToDb" time="0.0">
    <ignored/>
  </testcase> <!-- @BeforeSuite connectToDb -->
  <testcase classname="com.scm.qual.basetest.BaseClass" name="@BeforeSuite connectToDb" time="0.0">
    <ignored/>
  </testcase> <!-- @BeforeSuite connectToDb -->
  <testcase classname="com.scm.qual.basetest.BaseClass" name="@BeforeSuite connectToDb" time="0.0">
    <ignored/>
  </testcase> <!-- @BeforeSuite connectToDb -->
  <testcase classname="com.scm.qual.basetest.BaseClass" name="@BeforeSuite connectToDb" time="0.0">
    <ignored/>
  </testcase> <!-- @BeforeSuite connectToDb -->
  <testcase classname="com.scm.qual.basetest.BaseClass" name="@BeforeSuite connectToDb" time="0.0">
    <ignored/>
  </testcase> <!-- @BeforeSuite connectToDb -->
  <testcase classname="com.scm.qual.basetest.BaseClass" name="@AfterSuite closeDb" time="0.0">
    <ignored/>
  </testcase> <!-- @AfterSuite closeDb -->
  <testcase classname="com.scm.qual.basetest.BaseClass" name="@AfterSuite closeDb" time="0.0">
    <ignored/>
  </testcase> <!-- @AfterSuite closeDb -->
  <testcase classname="com.scm.qual.basetest.BaseClass" name="@AfterSuite closeDb" time="0.0">
    <ignored/>
  </testcase> <!-- @AfterSuite closeDb -->
  <testcase classname="com.scm.qual.basetest.BaseClass" name="@AfterSuite closeDb" time="0.0">
    <ignored/>
  </testcase> <!-- @AfterSuite closeDb -->
  <testcase classname="com.scm.qual.basetest.BaseClass" name="@AfterSuite closeDb" time="0.0">
    <ignored/>
  </testcase> <!-- @AfterSuite closeDb -->
  <testcase classname="com.scm.qual.basetest.BaseClass" name="@AfterSuite closeDb" time="0.0">
    <ignored/>
  </testcase> <!-- @AfterSuite closeDb -->
</testsuite> <!-- Test -->
