<?xml version="1.0" encoding="UTF-8"?>
<testng-results ignored="12" total="19" passed="7" failed="0" skipped="0">
  <reporter-output>
  </reporter-output>
  <suite started-at="2024-10-25T16:28:11 IST" name="Suite" finished-at="2024-10-25T16:29:10 IST" duration-ms="59330">
    <groups>
    </groups>
    <test started-at="2024-10-25T16:28:11 IST" name="Test" finished-at="2024-10-25T16:29:10 IST" duration-ms="59330">
      <class name="com.scm.qual.admintest.AddProductTest">
        <test-method is-config="true" signature="launchBrower()[pri:0, instance:com.scm.qual.admintest.AddProductTest@223d2c72]" started-at="2024-10-25T16:28:54 IST" name="launchBrower" finished-at="2024-10-25T16:28:55 IST" duration-ms="1276" status="PASS">
          <reporter-output>
          </reporter-output>
        </test-method> <!-- launchBrower -->
        <test-method signature="addProductTest()[pri:0, instance:com.scm.qual.admintest.AddProductTest@223d2c72]" started-at="2024-10-25T16:28:55 IST" name="addProductTest" finished-at="2024-10-25T16:29:10 IST" duration-ms="14969" status="PASS">
          <reporter-output>
          </reporter-output>
        </test-method> <!-- addProductTest -->
        <test-method is-config="true" signature="closeBrowser()[pri:0, instance:com.scm.qual.admintest.AddProductTest@223d2c72]" started-at="2024-10-25T16:29:10 IST" name="closeBrowser" finished-at="2024-10-25T16:29:10 IST" duration-ms="210" status="PASS">
          <reporter-output>
          </reporter-output>
        </test-method> <!-- closeBrowser -->
      </class> <!-- com.scm.qual.admintest.AddProductTest -->
      <class name="com.scm.qual.admintest.RetailersTest">
        <test-method is-config="true" signature="launchBrower()[pri:0, instance:com.scm.qual.admintest.RetailersTest@1d2adfbe]" started-at="2024-10-25T16:28:48 IST" name="launchBrower" finished-at="2024-10-25T16:28:49 IST" duration-ms="1315" status="PASS">
          <reporter-output>
          </reporter-output>
        </test-method> <!-- launchBrower -->
        <test-method signature="verifyRetailerTest()[pri:0, instance:com.scm.qual.admintest.RetailersTest@1d2adfbe]" started-at="2024-10-25T16:28:49 IST" name="verifyRetailerTest" finished-at="2024-10-25T16:28:50 IST" duration-ms="992" status="PASS">
          <reporter-output>
          </reporter-output>
        </test-method> <!-- verifyRetailerTest -->
        <test-method is-config="true" signature="closeBrowser()[pri:0, instance:com.scm.qual.admintest.RetailersTest@1d2adfbe]" started-at="2024-10-25T16:28:50 IST" name="closeBrowser" finished-at="2024-10-25T16:28:51 IST" duration-ms="215" status="PASS">
          <reporter-output>
          </reporter-output>
        </test-method> <!-- closeBrowser -->
      </class> <!-- com.scm.qual.admintest.RetailersTest -->
      <class name="com.scm.qual.manufacturerrtest.ManufacturerComfirmOrderTest">
        <test-method is-config="true" signature="launchBrower()[pri:0, instance:com.scm.qual.manufacturerrtest.ManufacturerComfirmOrderTest@16d04d3d]" started-at="2024-10-25T16:28:35 IST" name="launchBrower" finished-at="2024-10-25T16:28:36 IST" duration-ms="1307" status="PASS">
          <reporter-output>
          </reporter-output>
        </test-method> <!-- launchBrower -->
        <test-method signature="ComfirmOrderTest()[pri:0, instance:com.scm.qual.manufacturerrtest.ManufacturerComfirmOrderTest@16d04d3d]" started-at="2024-10-25T16:28:36 IST" name="ComfirmOrderTest" finished-at="2024-10-25T16:28:44 IST" duration-ms="8212" status="PASS">
          <reporter-output>
          </reporter-output>
        </test-method> <!-- ComfirmOrderTest -->
        <test-method is-config="true" signature="closeBrowser()[pri:0, instance:com.scm.qual.manufacturerrtest.ManufacturerComfirmOrderTest@16d04d3d]" started-at="2024-10-25T16:28:44 IST" name="closeBrowser" finished-at="2024-10-25T16:28:45 IST" duration-ms="188" status="PASS">
          <reporter-output>
          </reporter-output>
        </test-method> <!-- closeBrowser -->
      </class> <!-- com.scm.qual.manufacturerrtest.ManufacturerComfirmOrderTest -->
      <class name="com.scm.qual.retailertest.RetailerPostOrderTest">
        <test-method is-config="true" signature="launchBrower()[pri:0, instance:com.scm.qual.retailertest.RetailerPostOrderTest@36902638]" started-at="2024-10-25T16:28:51 IST" name="launchBrower" finished-at="2024-10-25T16:28:52 IST" duration-ms="1339" status="PASS">
          <reporter-output>
          </reporter-output>
        </test-method> <!-- launchBrower -->
        <test-method signature="ratailerPostOrder()[pri:0, instance:com.scm.qual.retailertest.RetailerPostOrderTest@36902638]" started-at="2024-10-25T16:28:52 IST" name="ratailerPostOrder" finished-at="2024-10-25T16:28:53 IST" duration-ms="1369" status="PASS">
          <reporter-output>
          </reporter-output>
        </test-method> <!-- ratailerPostOrder -->
        <test-method is-config="true" signature="closeBrowser()[pri:0, instance:com.scm.qual.retailertest.RetailerPostOrderTest@36902638]" started-at="2024-10-25T16:28:53 IST" name="closeBrowser" finished-at="2024-10-25T16:28:54 IST" duration-ms="193" status="PASS">
          <reporter-output>
          </reporter-output>
        </test-method> <!-- closeBrowser -->
      </class> <!-- com.scm.qual.retailertest.RetailerPostOrderTest -->
      <class name="com.scm.qual.retailertest.MyInvoicesRetailerTest">
        <test-method is-config="true" signature="launchBrower()[pri:0, instance:com.scm.qual.retailertest.MyInvoicesRetailerTest@564fabc8]" started-at="2024-10-25T16:28:31 IST" name="launchBrower" finished-at="2024-10-25T16:28:33 IST" duration-ms="1346" status="PASS">
          <reporter-output>
          </reporter-output>
        </test-method> <!-- launchBrower -->
        <test-method signature="ratailerPostOrder()[pri:0, instance:com.scm.qual.retailertest.MyInvoicesRetailerTest@564fabc8]" started-at="2024-10-25T16:28:33 IST" name="ratailerPostOrder" finished-at="2024-10-25T16:28:35 IST" duration-ms="1973" status="PASS">
          <reporter-output>
          </reporter-output>
        </test-method> <!-- ratailerPostOrder -->
        <test-method is-config="true" signature="closeBrowser()[pri:0, instance:com.scm.qual.retailertest.MyInvoicesRetailerTest@564fabc8]" started-at="2024-10-25T16:28:35 IST" name="closeBrowser" finished-at="2024-10-25T16:28:35 IST" duration-ms="176" status="PASS">
          <reporter-output>
          </reporter-output>
        </test-method> <!-- closeBrowser -->
      </class> <!-- com.scm.qual.retailertest.MyInvoicesRetailerTest -->
      <class name="com.scm.qual.retailertest.RetailerCreateOrderAndManufacturer_ApprovedTest">
        <test-method is-config="true" signature="connectToDb()[pri:0, instance:com.scm.qual.retailertest.RetailerCreateOrderAndManufacturer_ApprovedTest@399f45b1]" started-at="2024-10-25T16:28:11 IST" name="connectToDb" finished-at="2024-10-25T16:28:11 IST" duration-ms="8" status="PASS">
          <reporter-output>
          </reporter-output>
        </test-method> <!-- connectToDb -->
        <test-method is-config="true" signature="launchBrower()[pri:0, instance:com.scm.qual.retailertest.RetailerCreateOrderAndManufacturer_ApprovedTest@399f45b1]" started-at="2024-10-25T16:28:11 IST" name="launchBrower" finished-at="2024-10-25T16:28:13 IST" duration-ms="1951" status="PASS">
          <reporter-output>
          </reporter-output>
        </test-method> <!-- launchBrower -->
        <test-method signature="CreateOrderAndApproveOrderTest()[pri:0, instance:com.scm.qual.retailertest.RetailerCreateOrderAndManufacturer_ApprovedTest@399f45b1]" started-at="2024-10-25T16:28:13 IST" name="CreateOrderAndApproveOrderTest" finished-at="2024-10-25T16:28:31 IST" duration-ms="18429" status="PASS">
          <reporter-output>
          </reporter-output>
        </test-method> <!-- CreateOrderAndApproveOrderTest -->
        <test-method is-config="true" signature="closeBrowser()[pri:0, instance:com.scm.qual.retailertest.RetailerCreateOrderAndManufacturer_ApprovedTest@399f45b1]" started-at="2024-10-25T16:28:31 IST" name="closeBrowser" finished-at="2024-10-25T16:28:31 IST" duration-ms="323" status="PASS">
          <reporter-output>
          </reporter-output>
        </test-method> <!-- closeBrowser -->
        <test-method is-config="true" signature="closeDb()[pri:0, instance:com.scm.qual.retailertest.RetailerCreateOrderAndManufacturer_ApprovedTest@399f45b1]" started-at="2024-10-25T16:29:10 IST" name="closeDb" finished-at="2024-10-25T16:29:10 IST" duration-ms="1" status="PASS">
          <reporter-output>
          </reporter-output>
        </test-method> <!-- closeDb -->
      </class> <!-- com.scm.qual.retailertest.RetailerCreateOrderAndManufacturer_ApprovedTest -->
      <class name="com.scm.qual.retailertest.RetailerCreateOrderAndVerifyTest">
        <test-method is-config="true" signature="launchBrower()[pri:0, instance:com.scm.qual.retailertest.RetailerCreateOrderAndVerifyTest@49ec71f8]" started-at="2024-10-25T16:28:45 IST" name="launchBrower" finished-at="2024-10-25T16:28:46 IST" duration-ms="1334" status="PASS">
          <reporter-output>
          </reporter-output>
        </test-method> <!-- launchBrower -->
        <test-method signature="createOrderAndVerify()[pri:0, instance:com.scm.qual.retailertest.RetailerCreateOrderAndVerifyTest@49ec71f8]" started-at="2024-10-25T16:28:46 IST" name="createOrderAndVerify" finished-at="2024-10-25T16:28:48 IST" duration-ms="1964" status="PASS">
          <reporter-output>
          </reporter-output>
        </test-method> <!-- createOrderAndVerify -->
        <test-method is-config="true" signature="closeBrowser()[pri:0, instance:com.scm.qual.retailertest.RetailerCreateOrderAndVerifyTest@49ec71f8]" started-at="2024-10-25T16:28:48 IST" name="closeBrowser" finished-at="2024-10-25T16:28:48 IST" duration-ms="190" status="PASS">
          <reporter-output>
          </reporter-output>
        </test-method> <!-- closeBrowser -->
      </class> <!-- com.scm.qual.retailertest.RetailerCreateOrderAndVerifyTest -->
    </test> <!-- Test -->
  </suite> <!-- Suite -->
</testng-results>
