<?xml version="1.0" encoding="UTF-8"?>
<testng-results ignored="0" total="2" passed="2" failed="0" skipped="0">
  <reporter-output>
  </reporter-output>
  <suite started-at="2024-11-05T13:32:31 IST" name="Suite" finished-at="2024-11-05T13:32:40 IST" duration-ms="8426">
    <groups>
    </groups>
    <test started-at="2024-11-05T13:32:31 IST" name="Test1" finished-at="2024-11-05T13:32:38 IST" duration-ms="6550">
      <class name="com.scm.qual.admintest.RetailersTest">
        <test-method is-config="true" signature="launchBrower(java.lang.String)[pri:0, instance:com.scm.qual.admintest.RetailersTest@72d1ad2e]" started-at="2024-11-05T13:32:31 IST" name="launchBrower" finished-at="2024-11-05T13:32:35 IST" duration-ms="3516" status="PASS">
          <params>
            <param index="0">
              <value>
                <![CDATA[chrome]]>
              </value>
            </param>
          </params>
          <reporter-output>
          </reporter-output>
        </test-method> <!-- launchBrower -->
        <test-method signature="verifyRetailerTest()[pri:0, instance:com.scm.qual.admintest.RetailersTest@72d1ad2e]" started-at="2024-11-05T13:32:35 IST" name="verifyRetailerTest" finished-at="2024-11-05T13:32:37 IST" duration-ms="2667" status="PASS">
          <reporter-output>
          </reporter-output>
        </test-method> <!-- verifyRetailerTest -->
        <test-method is-config="true" signature="closeBrowser()[pri:0, instance:com.scm.qual.admintest.RetailersTest@72d1ad2e]" started-at="2024-11-05T13:32:37 IST" name="closeBrowser" finished-at="2024-11-05T13:32:38 IST" duration-ms="333" status="PASS">
          <reporter-output>
          </reporter-output>
        </test-method> <!-- closeBrowser -->
      </class> <!-- com.scm.qual.admintest.RetailersTest -->
    </test> <!-- Test1 -->
    <test started-at="2024-11-05T13:32:31 IST" name="Test2" finished-at="2024-11-05T13:32:40 IST" duration-ms="8426">
      <class name="com.scm.qual.retailertest.RetailerCreateOrderAndVerifyTest">
        <test-method is-config="true" signature="connectToDb()[pri:0, instance:com.scm.qual.retailertest.RetailerCreateOrderAndVerifyTest@689604d9]" started-at="2024-11-05T13:32:31 IST" name="connectToDb" finished-at="2024-11-05T13:32:31 IST" duration-ms="7" status="PASS">
          <reporter-output>
          </reporter-output>
        </test-method> <!-- connectToDb -->
        <test-method is-config="true" signature="launchBrower(java.lang.String)[pri:0, instance:com.scm.qual.retailertest.RetailerCreateOrderAndVerifyTest@689604d9]" started-at="2024-11-05T13:32:31 IST" name="launchBrower" finished-at="2024-11-05T13:32:35 IST" duration-ms="3373" status="PASS">
          <params>
            <param index="0">
              <value>
                <![CDATA[chrome]]>
              </value>
            </param>
          </params>
          <reporter-output>
          </reporter-output>
        </test-method> <!-- launchBrower -->
        <test-method signature="createOrderAndVerify()[pri:0, instance:com.scm.qual.retailertest.RetailerCreateOrderAndVerifyTest@689604d9]" started-at="2024-11-05T13:32:35 IST" name="createOrderAndVerify" finished-at="2024-11-05T13:32:39 IST" duration-ms="4762" status="PASS">
          <reporter-output>
          </reporter-output>
        </test-method> <!-- createOrderAndVerify -->
        <test-method is-config="true" signature="closeBrowser()[pri:0, instance:com.scm.qual.retailertest.RetailerCreateOrderAndVerifyTest@689604d9]" started-at="2024-11-05T13:32:39 IST" name="closeBrowser" finished-at="2024-11-05T13:32:40 IST" duration-ms="243" status="PASS">
          <reporter-output>
          </reporter-output>
        </test-method> <!-- closeBrowser -->
        <test-method is-config="true" signature="closeDb()[pri:0, instance:com.scm.qual.retailertest.RetailerCreateOrderAndVerifyTest@689604d9]" started-at="2024-11-05T13:32:40 IST" name="closeDb" finished-at="2024-11-05T13:32:40 IST" duration-ms="1" status="PASS">
          <reporter-output>
          </reporter-output>
        </test-method> <!-- closeDb -->
      </class> <!-- com.scm.qual.retailertest.RetailerCreateOrderAndVerifyTest -->
    </test> <!-- Test2 -->
  </suite> <!-- Suite -->
</testng-results>
